<?xml version="1.0" encoding="UTF-8"?>
<!-- Generated by org.testng.reporters.JUnitReportReporter -->
<testsuite hostname="EN1210542" failures="0" tests="1" name="Academy.ErrorValidation" time="5.254" errors="0" timestamp="2024-11-04T16:44:31 EET" skipped="0">
  <testcase classname="Academy.ErrorValidation" name="submitOrder" time="5.254"/>
</testsuite> <!-- Academy.ErrorValidation -->
