<?xml version="1.0" encoding="UTF-8"?>
<!-- Generated by org.testng.reporters.JUnitReportReporter -->
<testsuite hostname="EN1210542" failures="0" tests="1" name="cucumber.TestNGTestRunner" time="10.419" errors="0" timestamp="2024-11-14T16:55:41 EET" skipped="0">
  <testcase classname="cucumber.TestNGTestRunner" name="runScenario" time="10.419"/>
</testsuite> <!-- cucumber.TestNGTestRunner -->
